This is pdfTeX, Version 3.141592653-2.6-1.40.25 (TeX Live 2023) (preloaded format=pdflatex 2023.10.25)  6 NOV 2023 12:17
entering extended mode
 restricted \write18 enabled.
 %&-line parsing enabled.
**pagestyle.tex
(./pagestyle.tex
LaTeX2e <2023-06-01> patch level 1
L3 programming layer <2023-10-23>
! Undefined control sequence.
<argument> \undefinedpagestyle 
                               
l.1 \pagestyle{mystyle}
                       
The control sequence at the end of the top line
of your error message was never \def'ed. If you have
misspelled it (e.g., `\hobx'), type `I' and the correct
spelling (e.g., `I\hbox'). Otherwise just continue,
and I'll forget about whatever was undefined.

)
! Emergency stop.
<*> pagestyle.tex
                 
*** (job aborted, no legal \end found)

 
Here is how much of TeX's memory you used:
 15 strings out of 476358
 382 string characters out of 5797317
 1923033 words of memory out of 5000000
 21941 multiletter control sequences out of 15000+600000
 558069 words of font info for 36 fonts, out of 8000000 for 9000
 14 hyphenation exceptions out of 8191
 12i,0n,13p,64b,8s stack positions out of 10000i,1000n,20000p,200000b,200000s
!  ==> Fatal error occurred, no output PDF file produced!
